     1                                  ;Assembler: NASM
     2                                  ;
     3                                  ; *physical memory map*
     4                                  ;-----------------------
     5                                  ;-    ROM  (0.5 MB)    -
     6                                  ;-   0x80000-0xFFFFF   -
     7                                  ;-----------------------
     8                                  ;-    RAM  (0.5 MB)    -
     9                                  ;-   0x00000-0x7FFFF   -
    10                                  ;-----------------------
    11                                  ;
    12                                  ; To do:
    13                                  ;   -initialize interrupt vector table
    14                                  ;	-handlers, exceptions, hardware traps
    15                                  ;
    16                                  ; PPI/LCD code adapted from "The 80x86 IBM PC and Compatible Computers..., 4th Ed." -- Mazidi & Mazidi
    17                                  ; Sample interrupt code adapted from https://stackoverflow.com/questions/51693306/registering-interrupt-in-16-bit-x86-assembly
    18                                  ; Sample interrupt code adapted from "The 80x86 IBM PC and Compatible Computers..., 4th Ed." -- Mazidi & Mazidi
    19                                  ; https://tiij.org/issues/issues/fall2006/32_Jenkins-PIC/Jenkins-PIC.pdf
    20                                  ; 80286 Hardware Reference Manual, pg. 5-20
    21                                  ; http://www.nj7p.org/Manuals/PDFs/Intel/121500-001.pdf
    22                                  
    23                                  cpu		286
    24                                  bits 	16
    25                                  
    26                                  section .data
    27                                  
    28                                  	;PPI1 (1602 LCD)						BUS_ADDR (BUS addresses are shifted one A2-->pin A1, A1-->pin A0)
    29                                  	;Base address: 0x00E0					11100000
    30                                  	;PPI1 pin values
    31                                  	;A1=0, A0=0		PORTA					11100000	0x00E0
    32                                  	;A1=0, A0=1		PORTB					11100010	0x00E2
    33                                  	;A1=1, A0=0		PORTC					11100100	0x00E4
    34                                  	;A1=1, A0=1		CONTROL REGISTER		11100110	0x00E6
    35                                  
    36                                  	PPI1_PORTA	equ	0x00E0
    37                                  	PPI1_PORTB	equ	0x00E2
    38                                  	PPI1_PORTC	equ 0x00E4
    39                                  	PPI1_CTL	equ	0x00E6
    40                                  	
    41                                  	
    42                                  	;PPI1 Configuration
    43                                  	;							1=I/O Mode	|	00=Mode 0	|	1=PA In		|	0=PC (upper 4) Out	|	0=Mode 0	|	0=PB Out	|	0=PC (lower 4) Out
    44                                  	CTL_CFG_PA_IN		equ		0b10010000		;0x90
    45                                  
    46                                  	;							1=I/O Mode	|	00=Mode 0	|	0=PA Out	|	0=PC (uppper 4) Out	|	0=Mode 0	|	0=PB Out	|	0=PC (lower 4) Out
    47                                  	CTL_CFG_PA_OUT		equ		0b10000000		;0x80
    48                                  	
    49                                  
    50                                  	RS	equ 0b00000001
    51                                  	RW 	equ 0b00000010
    52                                  	E 	equ 0b00000100
    53                                  
    54                                  	;Interrupt Controller
    55                                  	;Base address: 0x0010		;BUS_A1 connected to pin A0 of PIC
    56                                  	PICM_P0		equ	0x0010		;PIC Master Port 0		ICW1				OCW2, OCW3
    57                                  	PICM_P1		equ	0x0012		;PIC Master Port 1		ICW2, ICW3, ICW4	OCW1
    58                                  
    59                                  	KBD_BUFSIZE equ 32					; Keyboard Buffer length. Must be a power of 2
    60                                  	KBD_IVT_OFFSET equ 9*4				; Base address of keyboard interrupt (IRQ) in IVT  // 9*4=36=0x24
    61                                  										; Keyboard: IRQ1, INT number 0x09 (* 4 bytes per INT)
    62                                  
    63                                  
    64                                  section .bss
    65                                  section .text	;start=0x8000	;vstart=0x80000	;start=0x80000
    66                                  
    67                                  org		0x0000		;0x8000
    68                                  top:				; physically at 0x80000 in physical address space
    69                                  
    70                                  ;*** SETUP REGISTERS **********************************
    71 00080000 31C0                    xor		ax,	ax
    72 00080002 8ED8                    mov		ds, ax
    73 00080004 8EC0                    mov		es,	ax				; extra segment
    74 00080006 89C4                    mov		sp,	ax				; Start stack pointer at 0. It will wrap around (down) to FFFE.
    75 00080008 B84000                  mov		ax,	0x0040			; First 1K is reserved for interrupt vector table,
    76 0008000B 8ED0                    mov		ss,	ax				; Start stack segment at the end of the IVT.
    77                                  
    78                                  ;push 	cs 					; push CS onto the stack	
    79                                  ;pop 	ds 					; and pop it into DS so that DS is in ROM
    80                                  ;*** /SETUP REGISTERS *********************************
    81                                  
    82 0008000D FA                      cli					; disable interrupts
    83                                  
    84 0008000E E87A00                  call	lcd_init
    85 00080011 E84100                  call	print_message
    86 00080014 B0A8                    mov		al,		0b10101000	; Go to line 2
    87 00080016 E88700                  call	lcd_command_write
    88 00080019 B031                    mov		al,		'1'
    89 0008001B E89700                  call	lcd_data_write
    90                                  
    91                                  ;push 	cs 					; push CS onto the stack	
    92                                  ;pop 	ds 					; and pop it into DS so that DS is in ROM address space
    93                                  ;mov		bx,	string_test
    94                                  ;call	print_message2
    95                                  ;mov		ax,	0x0
    96                                  ;mov		ds, ax
    97                                  
    98                                  										; kbd_isr is at physical address 0x80047. The following few lines move segment 8000 and offset 0047 into the IVT
    99 0008001E C7062400[4B00]          mov word [KBD_IVT_OFFSET], kbd_isr		; DS set to 0x0000 above. These MOVs are relative to DS.
   100                                  										; 0x0000:0x0024 = IRQ1 offset in IVT
   101 00080024 B80080                  mov		ax, 0x8000
   102 00080027 A32600                  mov word [KBD_IVT_OFFSET+2], ax			; 0x0000:0x0026 = IRQ1 segment in IVT
   103                                  
   104                                  								; ICW1: 0001 | LTIM (1=level, 0=edge) | Call address interval (1=4, 0=8) | SNGL (1=single, 0=cascade) | IC4 (1=needed, 0=not)
   105 0008002A B017                    mov		al,			0b00010111			;0x17		ICW1 - edge, master, ICW4
   106 0008002C E610                    out		PICM_P0,	al
   107                                  
   108                                  								; ICW2: Interrupt assigned to IR0 of the 8259 (usually 0x08)
   109 0008002E B008                    mov		al,			0x08		; setup ICW2 - interrupt type 8 (8-F)
   110 00080030 E612                    out		PICM_P1,	al
   111                                  
   112                                  								; ICW3: 1=IR input has a slave, 0=no slave			--only set if using master/slave (SNGL=0 in ICW1)
   113                                  ;mov		al,			0x00		; setup ICW3 - no slaves
   114                                  ;out		PICM_P1,	al
   115                                  
   116                                  								; ICW4: 000 | SFNM (1=spec fully nested mode, 0=not) | BUF & MS (0x = nonbuffered, 10 = buffered slave, 11 = buffered master) 
   117                                  								; | AEOI (1=auto EOI, 0=normal) | PM (1=x86,0=8085)
   118 00080032 B001                    mov		al,			0x01		; setup ICW4 - master x86 mode
   119 00080034 E612                    out		PICM_P1,	al
   120                                  
   121                                  								; OCW1: For bits, 0=unmask (enable interrupt), 1=mask
   122 00080036 B0D0                    mov		al,			0b11010000	; Unmask IR0-IR7
   123 00080038 E612                    out		PICM_P1,	al
   124                                  
   125 0008003A B032                    mov		al,		'2'
   126 0008003C E87600                  call	lcd_data_write
   127                                  
   128 0008003F FB                      sti										; Enable interrupts
   129                                  
   130                                  ;read out OCW1 - interrupt mask register - read OCW1
   131 00080040 E412                    in		al,		PICM_P1			; Should retrieve 0b11010000 (set above) - *works - reads 0xFFD0 from the data bus
   132 00080042 E6A0                    out		0x00A0,	al				; testing - *works - writes 0x00D0 to IO address 0x00A0 (no actual device on this IO address)
   133                                  
   134 00080044 B033                    mov		al,		'3'
   135 00080046 E86C00                  call	lcd_data_write
   136                                  
   137                                  .main_loop:
   138 00080049 EBFE                    	jmp .main_loop
   139                                  
   140                                  kbd_isr:
   141                                  	;to do save registers
   142                                  
   143                                  	;do stuff
   144 0008004B B021                    	mov		al,		'!'			;**not getting here
   145 0008004D E86500                  	call	lcd_data_write
   146                                  
   147                                  	
   148                                  	;to do restore registers
   149 00080050 B020                    	mov		al,			0x20		; EOI byte for OCW2 (always 0x20)
   150 00080052 E610                    	out		PICM_P0,	al			; to port for OCW2
   151 00080054 CF                      	iret
   152                                  
   153                                  print_message:
   154 00080055 B052                    	mov		al,		'R'
   155 00080057 E85B00                  	call	lcd_data_write
   156 0008005A B065                    	mov		al,		'e'
   157 0008005C E85600                  	call	lcd_data_write
   158 0008005F B061                    	mov		al,		'a'
   159 00080061 E85100                  	call	lcd_data_write
   160 00080064 B064                    	mov		al,		'd'
   161 00080066 E84C00                  	call	lcd_data_write
   162 00080069 B079                    	mov		al,		'y'
   163 0008006B E84700                  	call	lcd_data_write
   164 0008006E B03E                    	mov		al,		'>'
   165 00080070 E84200                  	call	lcd_data_write
   166 00080073 C3                      	ret
   167                                  
   168                                  print_message2:
   169                                  	; Send a NUL-terminated string to the LCD display;
   170                                  	; In: DS:BX -> string to print
   171                                  	; Return: AX = number of characters printed
   172                                  	; All other registers preserved or unaffected.
   173                                  	; **thank you, Damouze!
   174                                  
   175                                  
   176                                  
   177 00080074 53                      	push	bx 					; Save BX 
   178 00080075 51                      	push	cx 					; and CX onto the sack
   179 00080076 89D9                    	mov		cx, bx 				; Save contents of BX for later use
   180                                  	
   181                                  	.loop:
   182 00080078 8A07                    		mov		al, [bx] 		; Read byte from [DS:BX]
   183 0008007A 08C0                    		or		al, al 			; Did we encounter a NUL character?
   184 0008007C 7406                    		jz		.return 		; If so, return to the caller
   185 0008007E E83400                  		call	lcd_data_write 	; call our character print routine
   186 00080081 43                      		inc		bx 				; Increment the index
   187 00080082 EBF4                    		jmp		.loop 			; And loop back
   188                                  	
   189                                  	.return: 
   190 00080084 29CB                    		sub		bx, cx 			; Calculate our number of characters printed
   191 00080086 89D8                    		mov		ax, bx 			; And load the result into AX
   192 00080088 59                      		pop		cx 				; Restore CX
   193 00080089 5B                      		pop		bx 				; and BX from the stack
   194 0008008A C3                      		ret 					; Return to our caller
   195                                  
   196                                  lcd_init:
   197 0008008B B038                    	mov		al,		0b00111000	;0x38	; Set to 8-bit mode, 2 lines, 5x7 font
   198 0008008D E81000                  	call	lcd_command_write
   199 00080090 B00E                    	mov		al,		0b00001110	;0x0E	; LCD on, cursor on, blink off
   200 00080092 E80B00                  	call	lcd_command_write
   201 00080095 B001                    	mov		al,		0b00000001	;0x01	; clear LCD
   202 00080097 E80600                  	call	lcd_command_write
   203 0008009A B006                    	mov		al,		0b00000110  ;0x06	; increment and shift cursor, don't shift display
   204 0008009C E80100                  	call	lcd_command_write
   205 0008009F C3                      	ret
   206                                  
   207                                  lcd_command_write:
   208 000800A0 E82700                  	call	lcd_wait
   209 000800A3 52                      	push	dx
   210 000800A4 BAE000                  	mov		dx,		PPI1_PORTA			; Get A port address
   211 000800A7 EE                      	out		dx,		al					; Send al to port A
   212 000800A8 BAE200                  	mov		dx,		PPI1_PORTB			; Get B port address
   213 000800AB B004                    	mov		al,		E					; RS=0, RW=0, E=1
   214 000800AD EE                      	out		dx,		al					; Write to port B
   215 000800AE 90                      	nop									; wait for high-to-low pulse to be wide enough
   216 000800AF 90                      	nop
   217 000800B0 B000                    	mov		al,		0x0					; RS=0, RW=0, E=0
   218 000800B2 EE                      	out		dx,		al					; Write to port B
   219 000800B3 5A                      	pop		dx
   220 000800B4 C3                      	ret
   221                                  
   222                                  lcd_data_write:
   223 000800B5 E81200                  	call	lcd_wait
   224 000800B8 52                      	push	dx
   225 000800B9 BAE000                  	mov		dx,		PPI1_PORTA			; Get A port address
   226 000800BC EE                      	out		dx,		al					; Write data (e.g. char) to port A
   227 000800BD B005                    	mov		al,		(RS | E)			; RS=1, RW=0, E=1
   228 000800BF BAE200                  	mov		dx,		PPI1_PORTB			; Get B port address
   229 000800C2 EE                      	out		dx,		al					; Write to port B - enable high
   230 000800C3 90                      	nop									; wait for high-to-low pulse to be wide enough
   231 000800C4 90                      	nop
   232 000800C5 B001                    	mov		al,		RS					; RS=1, RW=0, E=0
   233 000800C7 EE                      	out		dx,		al					; Write to port B - enable low
   234 000800C8 5A                      	pop		dx
   235 000800C9 C3                      	ret
   236                                  
   237                                  lcd_wait:
   238 000800CA 50                      	push	ax				
   239 000800CB 52                      	push	dx
   240 000800CC B090                    	mov		al,		CTL_CFG_PA_IN		; Get config value
   241 000800CE BAE600                  	mov		dx,		PPI1_CTL			; Get control port address
   242 000800D1 EE                      	out		dx,		al					; Write control register on PPI
   243                                  
   244                                  	.again:	
   245 000800D2 B002                    		mov		al,		(RW)				; RS=0, RW=1, E=0
   246 000800D4 BAE200                  		mov		dx,		PPI1_PORTB			; Get B port address
   247 000800D7 EE                      		out		dx,		al					; Write to port B
   248 000800D8 B006                    		mov		al,		(RW|E)				; RS=0, RW=1, E=1
   249 000800DA EE                      		out		dx,		al					; Write to port B
   250                                  	
   251 000800DB BAE000                  		mov		dx,		PPI1_PORTA			; Get A port address
   252                                  
   253 000800DE EC                      		in		al,		dx				; Read data from LCD (busy flag on D7)
   254 000800DF D0C0                    		rol		al,		1				; Rotate busy flag to carry flag
   255 000800E1 72EF                    		jc		.again					; If CF=1, LCD is busy
   256 000800E3 B080                    		mov		al,		CTL_CFG_PA_OUT	; Get config value
   257 000800E5 BAE600                  		mov		dx,		PPI1_CTL		; Get control port address
   258 000800E8 EE                      		out		dx,		al				; Write control register on PPI
   259                                  
   260 000800E9 5A                      	pop	dx
   261 000800EA 58                      	pop	ax
   262 000800EB C3                      	ret
   263                                  
   264                                  delay:
   265 000800EC 60                      	pusha
   266 000800ED BD0000                  	mov		bp, 0x0000
   267 000800F0 BE0100                  	mov		si, 0x0001
   268                                  	.delay2:
   269 000800F3 4D                      		dec		bp
   270 000800F4 90                      		nop
   271 000800F5 75FC                    		jnz		.delay2
   272 000800F7 4E                      		dec		si
   273 000800F8 83FE00                  		cmp		si,0    
   274 000800FB 75F6                    		jnz		.delay2
   275 000800FD 61                      	popa
   276 000800FE C3                      	ret
   277                                  
   278 000800FF 383032383620617420-     string_test db '80286 at 8 MHz!', 0x0
   278 00080108 38204D487A2100     
   279                                  
   280                                  ;***********************************************************************************************
   281 0008010F 90<rep 7FEE1h>          times 0x7fff0-($-$$) nop	;Fill ROM with NOPs up to startup address
   282                                  							;This will get to 0xFFFF0 
   283                                  
   284                                  reset:						;at 0xFFFF0			*Processor starts reading here
   285 000FFFF0 EA00000080              	jmp 0x8000:0x0				;EA	00 00 00 80		Jump to TOP: label
   286                                  
   287 000FFFF5 01<rep Bh>              times 0x080000-($-$$) db 1	;Fill the rest of ROM with bytes of 0x01 (512 KB total)
